26-07-2022---10:06:28.938 INFO [main][hooks.Hooks.openBrowserAndUrl(Hooks.java:55)]-Invoking the browser
26-07-2022---10:06:51.763 INFO [main][hooks.Hooks.openBrowserAndUrl(Hooks.java:59)]-url opened
26-07-2022---10:06:51.881 INFO [main][commonMethods.SeleniumSpecificMethods.validate_PageTitle(SeleniumSpecificMethods.java:58)]-page title validated
26-07-2022---10:06:52.647 INFO [main][commonMethods.SeleniumSpecificMethods.click(SeleniumSpecificMethods.java:135)]-clicked on the link Selenium Example Page
26-07-2022---10:06:52.662 INFO [main][commonMethods.SeleniumSpecificMethods.validate_PageTitle(SeleniumSpecificMethods.java:58)]-page title validated
26-07-2022---10:06:53.099 WARN [main][org.apache.poi.util.XMLHelper.logThrowable(XMLHelper.java:306)]-Cannot set SAX feature because outdated XML parser in classpath [log suppressed for 5 minutes] http://javax.xml.XMLConstants/feature/secure-processing
java.lang.AbstractMethodError: Receiver class org.apache.xerces.jaxp.DocumentBuilderFactoryImpl does not define or inherit an implementation of the resolved method 'abstract void setFeature(java.lang.String, boolean)' of abstract class javax.xml.parsers.DocumentBuilderFactory.
	at org.apache.poi.util.XMLHelper.trySet(XMLHelper.java:271) ~[poi-5.2.2.jar:5.2.2]
	at org.apache.poi.util.XMLHelper.getDocumentBuilderFactory(XMLHelper.java:112) ~[poi-5.2.2.jar:5.2.2]
	at org.apache.poi.util.XMLHelper.<clinit>(XMLHelper.java:84) ~[poi-5.2.2.jar:5.2.2]
	at org.apache.poi.ooxml.util.DocumentHelper.newDocumentBuilder(DocumentHelper.java:47) ~[poi-ooxml-5.2.2.jar:5.2.2]
	at org.apache.poi.ooxml.util.DocumentHelper.<clinit>(DocumentHelper.java:36) ~[poi-ooxml-5.2.2.jar:5.2.2]
	at org.apache.poi.openxml4j.opc.internal.ContentTypeManager.parseContentTypesFile(ContentTypeManager.java:393) ~[poi-ooxml-5.2.2.jar:5.2.2]
	at org.apache.poi.openxml4j.opc.internal.ContentTypeManager.<init>(ContentTypeManager.java:102) ~[poi-ooxml-5.2.2.jar:5.2.2]
	at org.apache.poi.openxml4j.opc.internal.ZipContentTypeManager.<init>(ZipContentTypeManager.java:53) ~[poi-ooxml-5.2.2.jar:5.2.2]
	at org.apache.poi.openxml4j.opc.ZipPackage.getPartsImpl(ZipPackage.java:282) ~[poi-ooxml-5.2.2.jar:5.2.2]
	at org.apache.poi.openxml4j.opc.OPCPackage.getParts(OPCPackage.java:743) ~[poi-ooxml-5.2.2.jar:5.2.2]
	at org.apache.poi.openxml4j.opc.OPCPackage.open(OPCPackage.java:315) ~[poi-ooxml-5.2.2.jar:5.2.2]
	at org.apache.poi.ooxml.util.PackageHelper.open(PackageHelper.java:59) ~[poi-ooxml-5.2.2.jar:5.2.2]
	at org.apache.poi.xssf.usermodel.XSSFWorkbook.<init>(XSSFWorkbook.java:289) ~[poi-ooxml-5.2.2.jar:5.2.2]
	at org.apache.poi.xssf.usermodel.XSSFWorkbook.<init>(XSSFWorkbook.java:285) ~[poi-ooxml-5.2.2.jar:5.2.2]
	at utility.ExcelReader.getSheetByName(ExcelReader.java:42) ~[test-classes/:?]
	at pages_objects.SeleniumTestExamplesPage.filltheForm(SeleniumTestExamplesPage.java:61) ~[test-classes/:?]
	at stepDefinations.DataDriven_SD.user_enters_names_on_text_box_as_per_and_clicks_on_submit_button(DataDriven_SD.java:41) ~[test-classes/:?]
	at jdk.internal.reflect.NativeMethodAccessorImpl.invoke0(Native Method) ~[?:?]
	at jdk.internal.reflect.NativeMethodAccessorImpl.invoke(NativeMethodAccessorImpl.java:77) ~[?:?]
	at jdk.internal.reflect.DelegatingMethodAccessorImpl.invoke(DelegatingMethodAccessorImpl.java:43) ~[?:?]
	at java.lang.reflect.Method.invoke(Method.java:568) ~[?:?]
	at io.cucumber.java.Invoker.doInvoke(Invoker.java:66) ~[cucumber-java-6.11.0.jar:6.11.0]
	at io.cucumber.java.Invoker.invoke(Invoker.java:24) ~[cucumber-java-6.11.0.jar:6.11.0]
	at io.cucumber.java.AbstractGlueDefinition.invokeMethod(AbstractGlueDefinition.java:47) ~[cucumber-java-6.11.0.jar:6.11.0]
	at io.cucumber.java.JavaStepDefinition.execute(JavaStepDefinition.java:29) ~[cucumber-java-6.11.0.jar:6.11.0]
	at io.cucumber.core.runner.CoreStepDefinition.execute(CoreStepDefinition.java:66) ~[cucumber-core-6.11.0.jar:6.11.0]
	at io.cucumber.core.runner.PickleStepDefinitionMatch.runStep(PickleStepDefinitionMatch.java:63) ~[cucumber-core-6.11.0.jar:6.11.0]
	at io.cucumber.core.runner.ExecutionMode$1.execute(ExecutionMode.java:10) ~[cucumber-core-6.11.0.jar:6.11.0]
	at io.cucumber.core.runner.TestStep.executeStep(TestStep.java:92) ~[cucumber-core-6.11.0.jar:6.11.0]
	at io.cucumber.core.runner.TestStep.run(TestStep.java:64) ~[cucumber-core-6.11.0.jar:6.11.0]
	at io.cucumber.core.runner.PickleStepTestStep.run(PickleStepTestStep.java:51) ~[cucumber-core-6.11.0.jar:6.11.0]
	at io.cucumber.core.runner.TestCase.run(TestCase.java:104) ~[cucumber-core-6.11.0.jar:6.11.0]
	at io.cucumber.core.runner.Runner.runPickle(Runner.java:73) ~[cucumber-core-6.11.0.jar:6.11.0]
	at io.cucumber.testng.TestNGCucumberRunner.lambda$runScenario$1(TestNGCucumberRunner.java:134) ~[cucumber-testng-6.11.0.jar:6.11.0]
	at io.cucumber.core.runtime.CucumberExecutionContext.runTestCase(CucumberExecutionContext.java:117) ~[cucumber-core-6.11.0.jar:6.11.0]
	at io.cucumber.testng.TestNGCucumberRunner.runScenario(TestNGCucumberRunner.java:131) ~[cucumber-testng-6.11.0.jar:6.11.0]
	at io.cucumber.testng.AbstractTestNGCucumberTests.runScenario(AbstractTestNGCucumberTests.java:31) ~[cucumber-testng-6.11.0.jar:6.11.0]
	at jdk.internal.reflect.NativeMethodAccessorImpl.invoke0(Native Method) ~[?:?]
	at jdk.internal.reflect.NativeMethodAccessorImpl.invoke(NativeMethodAccessorImpl.java:77) ~[?:?]
	at jdk.internal.reflect.DelegatingMethodAccessorImpl.invoke(DelegatingMethodAccessorImpl.java:43) ~[?:?]
	at java.lang.reflect.Method.invoke(Method.java:568) ~[?:?]
	at org.testng.internal.invokers.MethodInvocationHelper.invokeMethod(MethodInvocationHelper.java:139) ~[testng-7.6.1.jar:7.6.1]
	at org.testng.internal.invokers.TestInvoker.invokeMethod(TestInvoker.java:677) ~[testng-7.6.1.jar:7.6.1]
	at org.testng.internal.invokers.TestInvoker.invokeTestMethod(TestInvoker.java:221) ~[testng-7.6.1.jar:7.6.1]
	at org.testng.internal.invokers.MethodRunner.runInSequence(MethodRunner.java:50) ~[testng-7.6.1.jar:7.6.1]
	at org.testng.internal.invokers.TestInvoker$MethodInvocationAgent.invoke(TestInvoker.java:962) ~[testng-7.6.1.jar:7.6.1]
	at org.testng.internal.invokers.TestInvoker.invokeTestMethods(TestInvoker.java:194) ~[testng-7.6.1.jar:7.6.1]
	at org.testng.internal.invokers.TestMethodWorker.invokeTestMethods(TestMethodWorker.java:148) ~[testng-7.6.1.jar:7.6.1]
	at org.testng.internal.invokers.TestMethodWorker.run(TestMethodWorker.java:128) ~[testng-7.6.1.jar:7.6.1]
	at java.util.ArrayList.forEach(ArrayList.java:1511) [?:?]
	at org.testng.TestRunner.privateRun(TestRunner.java:806) [testng-7.6.1.jar:7.6.1]
	at org.testng.TestRunner.run(TestRunner.java:601) [testng-7.6.1.jar:7.6.1]
	at org.testng.SuiteRunner.runTest(SuiteRunner.java:433) [testng-7.6.1.jar:7.6.1]
	at org.testng.SuiteRunner.runSequentially(SuiteRunner.java:427) [testng-7.6.1.jar:7.6.1]
	at org.testng.SuiteRunner.privateRun(SuiteRunner.java:387) [testng-7.6.1.jar:7.6.1]
	at org.testng.SuiteRunner.run(SuiteRunner.java:330) [testng-7.6.1.jar:7.6.1]
	at org.testng.SuiteRunnerWorker.runSuite(SuiteRunnerWorker.java:52) [testng-7.6.1.jar:7.6.1]
	at org.testng.SuiteRunnerWorker.run(SuiteRunnerWorker.java:95) [testng-7.6.1.jar:7.6.1]
	at org.testng.TestNG.runSuitesSequentially(TestNG.java:1256) [testng-7.6.1.jar:7.6.1]
	at org.testng.TestNG.runSuitesLocally(TestNG.java:1176) [testng-7.6.1.jar:7.6.1]
	at org.testng.TestNG.runSuites(TestNG.java:1099) [testng-7.6.1.jar:7.6.1]
	at org.testng.TestNG.run(TestNG.java:1067) [testng-7.6.1.jar:7.6.1]
	at org.apache.maven.surefire.testng.TestNGExecutor.run(TestNGExecutor.java:324) [surefire-testng-3.0.0-M7.jar:3.0.0-M7]
	at org.apache.maven.surefire.testng.TestNGXmlTestSuite.execute(TestNGXmlTestSuite.java:74) [surefire-testng-3.0.0-M7.jar:3.0.0-M7]
	at org.apache.maven.surefire.testng.TestNGProvider.invoke(TestNGProvider.java:123) [surefire-testng-3.0.0-M7.jar:3.0.0-M7]
	at org.apache.maven.surefire.booter.ForkedBooter.runSuitesInProcess(ForkedBooter.java:456) [surefire-booter-3.0.0-M7.jar:3.0.0-M7]
	at org.apache.maven.surefire.booter.ForkedBooter.execute(ForkedBooter.java:169) [surefire-booter-3.0.0-M7.jar:3.0.0-M7]
	at org.apache.maven.surefire.booter.ForkedBooter.run(ForkedBooter.java:595) [surefire-booter-3.0.0-M7.jar:3.0.0-M7]
	at org.apache.maven.surefire.booter.ForkedBooter.main(ForkedBooter.java:581) [surefire-booter-3.0.0-M7.jar:3.0.0-M7]
26-07-2022---10:06:53.603 INFO [main][hooks.Hooks.openBrowserAndUrl(Hooks.java:55)]-Invoking the browser
26-07-2022---10:06:53.604 ERROR [main][hooks.Hooks.openBrowserAndUrl(Hooks.java:63)]-Driver is not null
26-07-2022---10:06:53.652 INFO [main][hooks.Hooks.openBrowserAndUrl(Hooks.java:55)]-Invoking the browser
26-07-2022---10:06:53.654 ERROR [main][hooks.Hooks.openBrowserAndUrl(Hooks.java:63)]-Driver is not null
26-07-2022---10:20:26.125 INFO [main][hooks.Hooks.openBrowserAndUrl(Hooks.java:55)]-Invoking the browser
26-07-2022---10:20:32.815 INFO [main][hooks.Hooks.openBrowserAndUrl(Hooks.java:59)]-url opened
26-07-2022---10:20:32.889 INFO [main][commonMethods.SeleniumSpecificMethods.validate_PageTitle(SeleniumSpecificMethods.java:58)]-page title validated
26-07-2022---10:20:33.806 INFO [main][commonMethods.SeleniumSpecificMethods.click(SeleniumSpecificMethods.java:135)]-clicked on the link Selenium Example Page
26-07-2022---10:20:33.821 INFO [main][commonMethods.SeleniumSpecificMethods.validate_PageTitle(SeleniumSpecificMethods.java:58)]-page title validated
26-07-2022---10:20:34.028 WARN [main][org.apache.poi.util.XMLHelper.logThrowable(XMLHelper.java:306)]-Cannot set SAX feature because outdated XML parser in classpath [log suppressed for 5 minutes] http://javax.xml.XMLConstants/feature/secure-processing
java.lang.AbstractMethodError: Receiver class org.apache.xerces.jaxp.DocumentBuilderFactoryImpl does not define or inherit an implementation of the resolved method 'abstract void setFeature(java.lang.String, boolean)' of abstract class javax.xml.parsers.DocumentBuilderFactory.
	at org.apache.poi.util.XMLHelper.trySet(XMLHelper.java:271) ~[poi-5.2.2.jar:5.2.2]
	at org.apache.poi.util.XMLHelper.getDocumentBuilderFactory(XMLHelper.java:112) ~[poi-5.2.2.jar:5.2.2]
	at org.apache.poi.util.XMLHelper.<clinit>(XMLHelper.java:84) ~[poi-5.2.2.jar:5.2.2]
	at org.apache.poi.ooxml.util.DocumentHelper.newDocumentBuilder(DocumentHelper.java:47) ~[poi-ooxml-5.2.2.jar:5.2.2]
	at org.apache.poi.ooxml.util.DocumentHelper.<clinit>(DocumentHelper.java:36) ~[poi-ooxml-5.2.2.jar:5.2.2]
	at org.apache.poi.openxml4j.opc.internal.ContentTypeManager.parseContentTypesFile(ContentTypeManager.java:393) ~[poi-ooxml-5.2.2.jar:5.2.2]
	at org.apache.poi.openxml4j.opc.internal.ContentTypeManager.<init>(ContentTypeManager.java:102) ~[poi-ooxml-5.2.2.jar:5.2.2]
	at org.apache.poi.openxml4j.opc.internal.ZipContentTypeManager.<init>(ZipContentTypeManager.java:53) ~[poi-ooxml-5.2.2.jar:5.2.2]
	at org.apache.poi.openxml4j.opc.ZipPackage.getPartsImpl(ZipPackage.java:282) ~[poi-ooxml-5.2.2.jar:5.2.2]
	at org.apache.poi.openxml4j.opc.OPCPackage.getParts(OPCPackage.java:743) ~[poi-ooxml-5.2.2.jar:5.2.2]
	at org.apache.poi.openxml4j.opc.OPCPackage.open(OPCPackage.java:315) ~[poi-ooxml-5.2.2.jar:5.2.2]
	at org.apache.poi.ooxml.util.PackageHelper.open(PackageHelper.java:59) ~[poi-ooxml-5.2.2.jar:5.2.2]
	at org.apache.poi.xssf.usermodel.XSSFWorkbook.<init>(XSSFWorkbook.java:289) ~[poi-ooxml-5.2.2.jar:5.2.2]
	at org.apache.poi.xssf.usermodel.XSSFWorkbook.<init>(XSSFWorkbook.java:285) ~[poi-ooxml-5.2.2.jar:5.2.2]
	at utility.ExcelReader.getSheetByName(ExcelReader.java:42) ~[test-classes/:?]
	at pages_objects.SeleniumTestExamplesPage.filltheForm(SeleniumTestExamplesPage.java:61) ~[test-classes/:?]
	at stepDefinations.DataDriven_SD.user_enters_names_on_text_box_as_per_and_clicks_on_submit_button(DataDriven_SD.java:41) ~[test-classes/:?]
	at jdk.internal.reflect.NativeMethodAccessorImpl.invoke0(Native Method) ~[?:?]
	at jdk.internal.reflect.NativeMethodAccessorImpl.invoke(NativeMethodAccessorImpl.java:77) ~[?:?]
	at jdk.internal.reflect.DelegatingMethodAccessorImpl.invoke(DelegatingMethodAccessorImpl.java:43) ~[?:?]
	at java.lang.reflect.Method.invoke(Method.java:568) ~[?:?]
	at io.cucumber.java.Invoker.doInvoke(Invoker.java:66) ~[cucumber-java-6.11.0.jar:6.11.0]
	at io.cucumber.java.Invoker.invoke(Invoker.java:24) ~[cucumber-java-6.11.0.jar:6.11.0]
	at io.cucumber.java.AbstractGlueDefinition.invokeMethod(AbstractGlueDefinition.java:47) ~[cucumber-java-6.11.0.jar:6.11.0]
	at io.cucumber.java.JavaStepDefinition.execute(JavaStepDefinition.java:29) ~[cucumber-java-6.11.0.jar:6.11.0]
	at io.cucumber.core.runner.CoreStepDefinition.execute(CoreStepDefinition.java:66) ~[cucumber-core-6.11.0.jar:6.11.0]
	at io.cucumber.core.runner.PickleStepDefinitionMatch.runStep(PickleStepDefinitionMatch.java:63) ~[cucumber-core-6.11.0.jar:6.11.0]
	at io.cucumber.core.runner.ExecutionMode$1.execute(ExecutionMode.java:10) ~[cucumber-core-6.11.0.jar:6.11.0]
	at io.cucumber.core.runner.TestStep.executeStep(TestStep.java:92) ~[cucumber-core-6.11.0.jar:6.11.0]
	at io.cucumber.core.runner.TestStep.run(TestStep.java:64) ~[cucumber-core-6.11.0.jar:6.11.0]
	at io.cucumber.core.runner.PickleStepTestStep.run(PickleStepTestStep.java:51) ~[cucumber-core-6.11.0.jar:6.11.0]
	at io.cucumber.core.runner.TestCase.run(TestCase.java:104) ~[cucumber-core-6.11.0.jar:6.11.0]
	at io.cucumber.core.runner.Runner.runPickle(Runner.java:73) ~[cucumber-core-6.11.0.jar:6.11.0]
	at io.cucumber.testng.TestNGCucumberRunner.lambda$runScenario$1(TestNGCucumberRunner.java:134) ~[cucumber-testng-6.11.0.jar:6.11.0]
	at io.cucumber.core.runtime.CucumberExecutionContext.runTestCase(CucumberExecutionContext.java:117) ~[cucumber-core-6.11.0.jar:6.11.0]
	at io.cucumber.testng.TestNGCucumberRunner.runScenario(TestNGCucumberRunner.java:131) ~[cucumber-testng-6.11.0.jar:6.11.0]
	at io.cucumber.testng.AbstractTestNGCucumberTests.runScenario(AbstractTestNGCucumberTests.java:31) ~[cucumber-testng-6.11.0.jar:6.11.0]
	at jdk.internal.reflect.NativeMethodAccessorImpl.invoke0(Native Method) ~[?:?]
	at jdk.internal.reflect.NativeMethodAccessorImpl.invoke(NativeMethodAccessorImpl.java:77) ~[?:?]
	at jdk.internal.reflect.DelegatingMethodAccessorImpl.invoke(DelegatingMethodAccessorImpl.java:43) ~[?:?]
	at java.lang.reflect.Method.invoke(Method.java:568) ~[?:?]
	at org.testng.internal.invokers.MethodInvocationHelper.invokeMethod(MethodInvocationHelper.java:139) ~[testng-7.6.1.jar:7.6.1]
	at org.testng.internal.invokers.TestInvoker.invokeMethod(TestInvoker.java:677) ~[testng-7.6.1.jar:7.6.1]
	at org.testng.internal.invokers.TestInvoker.invokeTestMethod(TestInvoker.java:221) ~[testng-7.6.1.jar:7.6.1]
	at org.testng.internal.invokers.MethodRunner.runInSequence(MethodRunner.java:50) ~[testng-7.6.1.jar:7.6.1]
	at org.testng.internal.invokers.TestInvoker$MethodInvocationAgent.invoke(TestInvoker.java:962) ~[testng-7.6.1.jar:7.6.1]
	at org.testng.internal.invokers.TestInvoker.invokeTestMethods(TestInvoker.java:194) ~[testng-7.6.1.jar:7.6.1]
	at org.testng.internal.invokers.TestMethodWorker.invokeTestMethods(TestMethodWorker.java:148) ~[testng-7.6.1.jar:7.6.1]
	at org.testng.internal.invokers.TestMethodWorker.run(TestMethodWorker.java:128) ~[testng-7.6.1.jar:7.6.1]
	at java.util.ArrayList.forEach(ArrayList.java:1511) [?:?]
	at org.testng.TestRunner.privateRun(TestRunner.java:806) [testng-7.6.1.jar:7.6.1]
	at org.testng.TestRunner.run(TestRunner.java:601) [testng-7.6.1.jar:7.6.1]
	at org.testng.SuiteRunner.runTest(SuiteRunner.java:433) [testng-7.6.1.jar:7.6.1]
	at org.testng.SuiteRunner.runSequentially(SuiteRunner.java:427) [testng-7.6.1.jar:7.6.1]
	at org.testng.SuiteRunner.privateRun(SuiteRunner.java:387) [testng-7.6.1.jar:7.6.1]
	at org.testng.SuiteRunner.run(SuiteRunner.java:330) [testng-7.6.1.jar:7.6.1]
	at org.testng.SuiteRunnerWorker.runSuite(SuiteRunnerWorker.java:52) [testng-7.6.1.jar:7.6.1]
	at org.testng.SuiteRunnerWorker.run(SuiteRunnerWorker.java:95) [testng-7.6.1.jar:7.6.1]
	at org.testng.TestNG.runSuitesSequentially(TestNG.java:1256) [testng-7.6.1.jar:7.6.1]
	at org.testng.TestNG.runSuitesLocally(TestNG.java:1176) [testng-7.6.1.jar:7.6.1]
	at org.testng.TestNG.runSuites(TestNG.java:1099) [testng-7.6.1.jar:7.6.1]
	at org.testng.TestNG.run(TestNG.java:1067) [testng-7.6.1.jar:7.6.1]
	at org.apache.maven.surefire.testng.TestNGExecutor.run(TestNGExecutor.java:324) [surefire-testng-3.0.0-M7.jar:3.0.0-M7]
	at org.apache.maven.surefire.testng.TestNGXmlTestSuite.execute(TestNGXmlTestSuite.java:74) [surefire-testng-3.0.0-M7.jar:3.0.0-M7]
	at org.apache.maven.surefire.testng.TestNGProvider.invoke(TestNGProvider.java:123) [surefire-testng-3.0.0-M7.jar:3.0.0-M7]
	at org.apache.maven.surefire.booter.ForkedBooter.runSuitesInProcess(ForkedBooter.java:456) [surefire-booter-3.0.0-M7.jar:3.0.0-M7]
	at org.apache.maven.surefire.booter.ForkedBooter.execute(ForkedBooter.java:169) [surefire-booter-3.0.0-M7.jar:3.0.0-M7]
	at org.apache.maven.surefire.booter.ForkedBooter.run(ForkedBooter.java:595) [surefire-booter-3.0.0-M7.jar:3.0.0-M7]
	at org.apache.maven.surefire.booter.ForkedBooter.main(ForkedBooter.java:581) [surefire-booter-3.0.0-M7.jar:3.0.0-M7]
26-07-2022---10:20:34.550 INFO [main][hooks.Hooks.openBrowserAndUrl(Hooks.java:55)]-Invoking the browser
26-07-2022---10:20:34.551 ERROR [main][hooks.Hooks.openBrowserAndUrl(Hooks.java:63)]-Driver is not null
26-07-2022---10:20:34.660 INFO [main][hooks.Hooks.openBrowserAndUrl(Hooks.java:55)]-Invoking the browser
26-07-2022---10:20:34.661 ERROR [main][hooks.Hooks.openBrowserAndUrl(Hooks.java:63)]-Driver is not null
26-07-2022---11:13:36.018 INFO [main][hooks.Hooks.openBrowserAndUrl(Hooks.java:55)]-Invoking the browser
26-07-2022---11:13:43.203 INFO [main][hooks.Hooks.openBrowserAndUrl(Hooks.java:59)]-url opened
26-07-2022---11:13:43.244 INFO [main][commonMethods.SeleniumSpecificMethods.validate_PageTitle(SeleniumSpecificMethods.java:58)]-page title validated
26-07-2022---11:13:43.849 INFO [main][commonMethods.SeleniumSpecificMethods.click(SeleniumSpecificMethods.java:135)]-clicked on the link Selenium Example Page
26-07-2022---11:13:43.869 INFO [main][commonMethods.SeleniumSpecificMethods.validate_PageTitle(SeleniumSpecificMethods.java:58)]-page title validated
26-07-2022---11:13:44.578 INFO [main][commonMethods.SeleniumSpecificMethods.click(SeleniumSpecificMethods.java:135)]-clicked on the link 
26-07-2022---11:13:44.770 INFO [main][hooks.Hooks.openBrowserAndUrl(Hooks.java:55)]-Invoking the browser
26-07-2022---11:13:44.770 ERROR [main][hooks.Hooks.openBrowserAndUrl(Hooks.java:63)]-Driver is not null
26-07-2022---11:13:44.864 INFO [main][hooks.Hooks.openBrowserAndUrl(Hooks.java:55)]-Invoking the browser
26-07-2022---11:13:44.865 ERROR [main][hooks.Hooks.openBrowserAndUrl(Hooks.java:63)]-Driver is not null
26-07-2022---11:15:15.915 INFO [main][hooks.Hooks.openBrowserAndUrl(Hooks.java:55)]-Invoking the browser
26-07-2022---11:15:20.979 INFO [main][hooks.Hooks.openBrowserAndUrl(Hooks.java:59)]-url opened
26-07-2022---11:15:21.026 INFO [main][commonMethods.SeleniumSpecificMethods.validate_PageTitle(SeleniumSpecificMethods.java:58)]-page title validated
26-07-2022---11:15:21.371 INFO [main][commonMethods.SeleniumSpecificMethods.click(SeleniumSpecificMethods.java:135)]-clicked on the link Selenium Example Page
26-07-2022---11:15:21.390 INFO [main][commonMethods.SeleniumSpecificMethods.validate_PageTitle(SeleniumSpecificMethods.java:58)]-page title validated
26-07-2022---11:15:21.964 INFO [main][commonMethods.SeleniumSpecificMethods.click(SeleniumSpecificMethods.java:135)]-clicked on the link 
26-07-2022---11:15:22.142 INFO [main][hooks.Hooks.openBrowserAndUrl(Hooks.java:55)]-Invoking the browser
26-07-2022---11:15:22.144 ERROR [main][hooks.Hooks.openBrowserAndUrl(Hooks.java:63)]-Driver is not null
26-07-2022---11:15:22.272 INFO [main][hooks.Hooks.openBrowserAndUrl(Hooks.java:55)]-Invoking the browser
26-07-2022---11:15:22.273 ERROR [main][hooks.Hooks.openBrowserAndUrl(Hooks.java:63)]-Driver is not null
26-07-2022---11:21:21.467 INFO [main][hooks.Hooks.openBrowserAndUrl(Hooks.java:55)]-Invoking the browser
26-07-2022---11:21:27.834 INFO [main][hooks.Hooks.openBrowserAndUrl(Hooks.java:59)]-url opened
26-07-2022---11:21:27.886 INFO [main][commonMethods.SeleniumSpecificMethods.validate_PageTitle(SeleniumSpecificMethods.java:58)]-page title validated
26-07-2022---11:21:28.564 INFO [main][commonMethods.SeleniumSpecificMethods.click(SeleniumSpecificMethods.java:135)]-clicked on the link Selenium Example Page
26-07-2022---11:21:28.577 INFO [main][commonMethods.SeleniumSpecificMethods.validate_PageTitle(SeleniumSpecificMethods.java:58)]-page title validated
26-07-2022---11:21:28.869 INFO [main][hooks.Hooks.openBrowserAndUrl(Hooks.java:55)]-Invoking the browser
26-07-2022---11:21:28.870 ERROR [main][hooks.Hooks.openBrowserAndUrl(Hooks.java:63)]-Driver is not null
26-07-2022---11:21:28.922 INFO [main][hooks.Hooks.openBrowserAndUrl(Hooks.java:55)]-Invoking the browser
26-07-2022---11:21:28.923 ERROR [main][hooks.Hooks.openBrowserAndUrl(Hooks.java:63)]-Driver is not null
26-07-2022---14:43:02.821 INFO [main][hooks.Hooks.openBrowserAndUrl(Hooks.java:56)]-Invoking the browser
26-07-2022---14:43:15.937 INFO [main][hooks.Hooks.openBrowserAndUrl(Hooks.java:60)]-url opened
26-07-2022---14:43:16.027 INFO [main][commonMethods.SeleniumSpecificMethods.validate_PageTitle(SeleniumSpecificMethods.java:58)]-page title validated
26-07-2022---14:43:16.693 INFO [main][commonMethods.SeleniumSpecificMethods.click(SeleniumSpecificMethods.java:135)]-clicked on the link Selenium Example Page
26-07-2022---14:43:16.716 INFO [main][commonMethods.SeleniumSpecificMethods.validate_PageTitle(SeleniumSpecificMethods.java:58)]-page title validated
26-07-2022---14:43:17.080 INFO [main][hooks.Hooks.openBrowserAndUrl(Hooks.java:56)]-Invoking the browser
26-07-2022---14:43:17.081 ERROR [main][hooks.Hooks.openBrowserAndUrl(Hooks.java:64)]-Driver is not null
26-07-2022---14:43:17.135 INFO [main][hooks.Hooks.openBrowserAndUrl(Hooks.java:56)]-Invoking the browser
26-07-2022---14:43:17.136 ERROR [main][hooks.Hooks.openBrowserAndUrl(Hooks.java:64)]-Driver is not null
26-07-2022---14:59:07.008 INFO [main][hooks.Hooks.openBrowserAndUrl(Hooks.java:56)]-Invoking the browser
26-07-2022---14:59:12.863 INFO [main][hooks.Hooks.openBrowserAndUrl(Hooks.java:60)]-url opened
26-07-2022---14:59:12.915 INFO [main][commonMethods.SeleniumSpecificMethods.validate_PageTitle(SeleniumSpecificMethods.java:58)]-page title validated
26-07-2022---14:59:13.575 INFO [main][commonMethods.SeleniumSpecificMethods.click(SeleniumSpecificMethods.java:135)]-clicked on the link Selenium Example Page
26-07-2022---14:59:13.592 INFO [main][commonMethods.SeleniumSpecificMethods.validate_PageTitle(SeleniumSpecificMethods.java:58)]-page title validated
26-07-2022---14:59:14.081 WARN [main][org.apache.poi.util.XMLHelper.logThrowable(XMLHelper.java:306)]-Cannot set SAX feature because outdated XML parser in classpath [log suppressed for 5 minutes] http://javax.xml.XMLConstants/feature/secure-processing
java.lang.AbstractMethodError: Receiver class org.apache.xerces.jaxp.DocumentBuilderFactoryImpl does not define or inherit an implementation of the resolved method 'abstract void setFeature(java.lang.String, boolean)' of abstract class javax.xml.parsers.DocumentBuilderFactory.
	at org.apache.poi.util.XMLHelper.trySet(XMLHelper.java:271) ~[poi-5.2.2.jar:5.2.2]
	at org.apache.poi.util.XMLHelper.getDocumentBuilderFactory(XMLHelper.java:112) ~[poi-5.2.2.jar:5.2.2]
	at org.apache.poi.util.XMLHelper.<clinit>(XMLHelper.java:84) ~[poi-5.2.2.jar:5.2.2]
	at org.apache.poi.ooxml.util.DocumentHelper.newDocumentBuilder(DocumentHelper.java:47) ~[poi-ooxml-5.2.2.jar:5.2.2]
	at org.apache.poi.ooxml.util.DocumentHelper.<clinit>(DocumentHelper.java:36) ~[poi-ooxml-5.2.2.jar:5.2.2]
	at org.apache.poi.openxml4j.opc.internal.ContentTypeManager.parseContentTypesFile(ContentTypeManager.java:393) ~[poi-ooxml-5.2.2.jar:5.2.2]
	at org.apache.poi.openxml4j.opc.internal.ContentTypeManager.<init>(ContentTypeManager.java:102) ~[poi-ooxml-5.2.2.jar:5.2.2]
	at org.apache.poi.openxml4j.opc.internal.ZipContentTypeManager.<init>(ZipContentTypeManager.java:53) ~[poi-ooxml-5.2.2.jar:5.2.2]
	at org.apache.poi.openxml4j.opc.ZipPackage.getPartsImpl(ZipPackage.java:282) ~[poi-ooxml-5.2.2.jar:5.2.2]
	at org.apache.poi.openxml4j.opc.OPCPackage.getParts(OPCPackage.java:743) ~[poi-ooxml-5.2.2.jar:5.2.2]
	at org.apache.poi.openxml4j.opc.OPCPackage.open(OPCPackage.java:315) ~[poi-ooxml-5.2.2.jar:5.2.2]
	at org.apache.poi.ooxml.util.PackageHelper.open(PackageHelper.java:59) ~[poi-ooxml-5.2.2.jar:5.2.2]
	at org.apache.poi.xssf.usermodel.XSSFWorkbook.<init>(XSSFWorkbook.java:289) ~[poi-ooxml-5.2.2.jar:5.2.2]
	at org.apache.poi.xssf.usermodel.XSSFWorkbook.<init>(XSSFWorkbook.java:285) ~[poi-ooxml-5.2.2.jar:5.2.2]
	at utility.ExcelReader.getSheetByName(ExcelReader.java:42) ~[test-classes/:?]
	at pages_objects.SeleniumTestExamplesPage.filltheForm(SeleniumTestExamplesPage.java:62) ~[test-classes/:?]
	at stepDefinations.DataDriven_SD.user_enters_names_on_text_box_as_per_and_clicks_on_submit_button(DataDriven_SD.java:41) ~[test-classes/:?]
	at jdk.internal.reflect.NativeMethodAccessorImpl.invoke0(Native Method) ~[?:?]
	at jdk.internal.reflect.NativeMethodAccessorImpl.invoke(NativeMethodAccessorImpl.java:77) ~[?:?]
	at jdk.internal.reflect.DelegatingMethodAccessorImpl.invoke(DelegatingMethodAccessorImpl.java:43) ~[?:?]
	at java.lang.reflect.Method.invoke(Method.java:568) ~[?:?]
	at io.cucumber.java.Invoker.doInvoke(Invoker.java:66) ~[cucumber-java-6.11.0.jar:6.11.0]
	at io.cucumber.java.Invoker.invoke(Invoker.java:24) ~[cucumber-java-6.11.0.jar:6.11.0]
	at io.cucumber.java.AbstractGlueDefinition.invokeMethod(AbstractGlueDefinition.java:47) ~[cucumber-java-6.11.0.jar:6.11.0]
	at io.cucumber.java.JavaStepDefinition.execute(JavaStepDefinition.java:29) ~[cucumber-java-6.11.0.jar:6.11.0]
	at io.cucumber.core.runner.CoreStepDefinition.execute(CoreStepDefinition.java:66) ~[cucumber-core-6.11.0.jar:6.11.0]
	at io.cucumber.core.runner.PickleStepDefinitionMatch.runStep(PickleStepDefinitionMatch.java:63) ~[cucumber-core-6.11.0.jar:6.11.0]
	at io.cucumber.core.runner.ExecutionMode$1.execute(ExecutionMode.java:10) ~[cucumber-core-6.11.0.jar:6.11.0]
	at io.cucumber.core.runner.TestStep.executeStep(TestStep.java:92) ~[cucumber-core-6.11.0.jar:6.11.0]
	at io.cucumber.core.runner.TestStep.run(TestStep.java:64) ~[cucumber-core-6.11.0.jar:6.11.0]
	at io.cucumber.core.runner.PickleStepTestStep.run(PickleStepTestStep.java:51) ~[cucumber-core-6.11.0.jar:6.11.0]
	at io.cucumber.core.runner.TestCase.run(TestCase.java:104) ~[cucumber-core-6.11.0.jar:6.11.0]
	at io.cucumber.core.runner.Runner.runPickle(Runner.java:73) ~[cucumber-core-6.11.0.jar:6.11.0]
	at io.cucumber.testng.TestNGCucumberRunner.lambda$runScenario$1(TestNGCucumberRunner.java:134) ~[cucumber-testng-6.11.0.jar:6.11.0]
	at io.cucumber.core.runtime.CucumberExecutionContext.runTestCase(CucumberExecutionContext.java:117) ~[cucumber-core-6.11.0.jar:6.11.0]
	at io.cucumber.testng.TestNGCucumberRunner.runScenario(TestNGCucumberRunner.java:131) ~[cucumber-testng-6.11.0.jar:6.11.0]
	at io.cucumber.testng.AbstractTestNGCucumberTests.runScenario(AbstractTestNGCucumberTests.java:31) ~[cucumber-testng-6.11.0.jar:6.11.0]
	at jdk.internal.reflect.NativeMethodAccessorImpl.invoke0(Native Method) ~[?:?]
	at jdk.internal.reflect.NativeMethodAccessorImpl.invoke(NativeMethodAccessorImpl.java:77) ~[?:?]
	at jdk.internal.reflect.DelegatingMethodAccessorImpl.invoke(DelegatingMethodAccessorImpl.java:43) ~[?:?]
	at java.lang.reflect.Method.invoke(Method.java:568) ~[?:?]
	at org.testng.internal.invokers.MethodInvocationHelper.invokeMethod(MethodInvocationHelper.java:139) ~[testng-7.6.1.jar:7.6.1]
	at org.testng.internal.invokers.TestInvoker.invokeMethod(TestInvoker.java:677) ~[testng-7.6.1.jar:7.6.1]
	at org.testng.internal.invokers.TestInvoker.invokeTestMethod(TestInvoker.java:221) ~[testng-7.6.1.jar:7.6.1]
	at org.testng.internal.invokers.MethodRunner.runInSequence(MethodRunner.java:50) ~[testng-7.6.1.jar:7.6.1]
	at org.testng.internal.invokers.TestInvoker$MethodInvocationAgent.invoke(TestInvoker.java:962) ~[testng-7.6.1.jar:7.6.1]
	at org.testng.internal.invokers.TestInvoker.invokeTestMethods(TestInvoker.java:194) ~[testng-7.6.1.jar:7.6.1]
	at org.testng.internal.invokers.TestMethodWorker.invokeTestMethods(TestMethodWorker.java:148) ~[testng-7.6.1.jar:7.6.1]
	at org.testng.internal.invokers.TestMethodWorker.run(TestMethodWorker.java:128) ~[testng-7.6.1.jar:7.6.1]
	at java.util.ArrayList.forEach(ArrayList.java:1511) [?:?]
	at org.testng.TestRunner.privateRun(TestRunner.java:806) [testng-7.6.1.jar:7.6.1]
	at org.testng.TestRunner.run(TestRunner.java:601) [testng-7.6.1.jar:7.6.1]
	at org.testng.SuiteRunner.runTest(SuiteRunner.java:433) [testng-7.6.1.jar:7.6.1]
	at org.testng.SuiteRunner.runSequentially(SuiteRunner.java:427) [testng-7.6.1.jar:7.6.1]
	at org.testng.SuiteRunner.privateRun(SuiteRunner.java:387) [testng-7.6.1.jar:7.6.1]
	at org.testng.SuiteRunner.run(SuiteRunner.java:330) [testng-7.6.1.jar:7.6.1]
	at org.testng.SuiteRunnerWorker.runSuite(SuiteRunnerWorker.java:52) [testng-7.6.1.jar:7.6.1]
	at org.testng.SuiteRunnerWorker.run(SuiteRunnerWorker.java:95) [testng-7.6.1.jar:7.6.1]
	at org.testng.TestNG.runSuitesSequentially(TestNG.java:1256) [testng-7.6.1.jar:7.6.1]
	at org.testng.TestNG.runSuitesLocally(TestNG.java:1176) [testng-7.6.1.jar:7.6.1]
	at org.testng.TestNG.runSuites(TestNG.java:1099) [testng-7.6.1.jar:7.6.1]
	at org.testng.TestNG.run(TestNG.java:1067) [testng-7.6.1.jar:7.6.1]
	at org.apache.maven.surefire.testng.TestNGExecutor.run(TestNGExecutor.java:324) [surefire-testng-3.0.0-M7.jar:3.0.0-M7]
	at org.apache.maven.surefire.testng.TestNGXmlTestSuite.execute(TestNGXmlTestSuite.java:74) [surefire-testng-3.0.0-M7.jar:3.0.0-M7]
	at org.apache.maven.surefire.testng.TestNGProvider.invoke(TestNGProvider.java:123) [surefire-testng-3.0.0-M7.jar:3.0.0-M7]
	at org.apache.maven.surefire.booter.ForkedBooter.runSuitesInProcess(ForkedBooter.java:456) [surefire-booter-3.0.0-M7.jar:3.0.0-M7]
	at org.apache.maven.surefire.booter.ForkedBooter.execute(ForkedBooter.java:169) [surefire-booter-3.0.0-M7.jar:3.0.0-M7]
	at org.apache.maven.surefire.booter.ForkedBooter.run(ForkedBooter.java:595) [surefire-booter-3.0.0-M7.jar:3.0.0-M7]
	at org.apache.maven.surefire.booter.ForkedBooter.main(ForkedBooter.java:581) [surefire-booter-3.0.0-M7.jar:3.0.0-M7]
26-07-2022---14:59:14.788 INFO [main][hooks.Hooks.openBrowserAndUrl(Hooks.java:56)]-Invoking the browser
26-07-2022---14:59:14.789 ERROR [main][hooks.Hooks.openBrowserAndUrl(Hooks.java:64)]-Driver is not null
26-07-2022---14:59:14.846 INFO [main][hooks.Hooks.openBrowserAndUrl(Hooks.java:56)]-Invoking the browser
26-07-2022---14:59:14.848 ERROR [main][hooks.Hooks.openBrowserAndUrl(Hooks.java:64)]-Driver is not null
